Using pre-set license
Built from '2020.2/staging' branch; Version is '2020.2.6f1 (8a2143876886) revision 9052483'; Using compiler version '192528614'; Build Type 'Release'
OS: 'Windows 10 Home; OS build 19041.867; Version 2004; 64bit' Language: 'en' Physical Memory: 16348 MB
BatchMode: 1, IsHumanControllingUs: 0, StartBugReporterOnCrash: 0, Is64bit: 1, IsPro: 0

 COMMAND LINE ARGUMENTS:
D:\Program Files\UnityEditor\2020.2.6f1\Editor\Unity.exe
-adb2
-batchMode
-noUpm
-name
AssetImportWorker0
-projectPath
D:/Tristan Macaulay/Documents/UnityProjects/BoredToBitsFlocking
-logFile
Logs/AssetImportWorker0.log
-srvPort
65164
Successfully changed project path to: D:/Tristan Macaulay/Documents/UnityProjects/BoredToBitsFlocking
D:/Tristan Macaulay/Documents/UnityProjects/BoredToBitsFlocking
Using Asset Import Pipeline V2.
Refreshing native plugins compatible for Editor in 47.93 ms, found 1 plugins.
Preloading 0 native plugins for Editor in 0.00 ms.
Initialize engine version: 2020.2.6f1 (8a2143876886)
[Subsystems] Discovering subsystems at path D:/Program Files/UnityEditor/2020.2.6f1/Editor/Data/Resources/UnitySubsystems
[Subsystems] Discovering subsystems at path D:/Tristan Macaulay/Documents/UnityProjects/BoredToBitsFlocking/Assets
GfxDevice: creating device client; threaded=0
Direct3D:
    Version:  Direct3D 11.0 [level 11.1]
    Renderer: NVIDIA GeForce GTX 1080 (ID=0x1b80)
    Vendor:   
    VRAM:     8079 MB
    Driver:   27.21.14.6172
Initialize mono
Mono path[0] = 'D:/Program Files/UnityEditor/2020.2.6f1/Editor/Data/Managed'
Mono path[1] = 'D:/Program Files/UnityEditor/2020.2.6f1/Editor/Data/MonoBleedingEdge/lib/mono/unityjit'
Mono config path = 'D:/Program Files/UnityEditor/2020.2.6f1/Editor/Data/MonoBleedingEdge/etc'
Using monoOptions --debugger-agent=transport=dt_socket,embedding=1,server=y,suspend=n,address=127.0.0.1:56296
Begin MonoManager ReloadAssembly
Registering precompiled unity dll's ...
Register platform support module: D:/Program Files/UnityEditor/2020.2.6f1/Editor/Data/PlaybackEngines/MacStandaloneSupport/UnityEditor.OSXStandalone.Extensions.dll
Register platform support module: D:/Program Files/UnityEditor/2020.2.6f1/Editor/Data/PlaybackEngines/WindowsStandaloneSupport/UnityEditor.WindowsStandalone.Extensions.dll
Registered in 0.002299 seconds.
Native extension for WindowsStandalone target not found
Native extension for OSXStandalone target not found
Refreshing native plugins compatible for Editor in 38.26 ms, found 1 plugins.
Preloading 0 native plugins for Editor in 0.00 ms.
Invoked RoslynAnalysisRunner static constructor.
RoslynAnalysisRunner will not be running.
RoslynAnalysisRunner has terminated.
Mono: successfully reloaded assembly
- Completed reload, in  1.662 seconds
Platform modules already initialized, skipping
Registering precompiled user dll's ...
Registered in 0.001392 seconds.
Begin MonoManager ReloadAssembly
Native extension for WindowsStandalone target not found
Native extension for OSXStandalone target not found
Refreshing native plugins compatible for Editor in 46.96 ms, found 1 plugins.
Preloading 0 native plugins for Editor in 0.00 ms.
Invoked RoslynAnalysisRunner static constructor.
RoslynAnalysisRunner will not be running.
RoslynAnalysisRunner has terminated.
Mono: successfully reloaded assembly
- Completed reload, in  1.169 seconds
Platform modules already initialized, skipping
========================================================================
Worker process is ready to serve import requests
Launched and connected shader compiler UnityShaderCompiler.exe after 0.19 seconds
Refreshing native plugins compatible for Editor in 0.30 ms, found 1 plugins.
Preloading 0 native plugins for Editor in 0.00 ms.
Unloading 1813 Unused Serialized files (Serialized files now loaded: 0)
System memory in use before: 84.9 MB.
System memory in use after: 84.9 MB.

Unloading 24 unused Assets to reduce memory usage. Loaded Objects now: 2255.
Total: 2.289300 ms (FindLiveObjects: 0.301700 ms CreateObjectMapping: 0.136200 ms MarkObjects: 1.732600 ms  DeleteObjects: 0.117700 ms)

========================================================================
Received Import Request.
  path: Assets/Behaviour Objects/DefaultFlockBehaviour.asset
  artifactKey: Guid(84e126c72259b214183f6f74420b3169) Importer(815301076,1909f56bfc062723c751e8b465ee728b)
Start importing Assets/Behaviour Objects/DefaultFlockBehaviour.asset using Guid(84e126c72259b214183f6f74420b3169) Importer(815301076,1909f56bfc062723c751e8b465ee728b)  -> (artifact id: '4c11f8d0f6d6189b53cccbf4f1cd9837') in 0.063187 seconds
  Import took 0.066728 seconds .

========================================================================
Received Prepare
Registering precompiled user dll's ...
Registered in 0.001615 seconds.
Begin MonoManager ReloadAssembly
Native extension for WindowsStandalone target not found
Native extension for OSXStandalone target not found
Refreshing native plugins compatible for Editor in 0.34 ms, found 1 plugins.
Preloading 0 native plugins for Editor in 0.00 ms.
Invoked RoslynAnalysisRunner static constructor.
RoslynAnalysisRunner will not be running.
RoslynAnalysisRunner has terminated.
Mono: successfully reloaded assembly
- Completed reload, in  1.003 seconds
Platform modules already initialized, skipping
Refreshing native plugins compatible for Editor in 0.31 ms, found 1 plugins.
Preloading 0 native plugins for Editor in 0.00 ms.
Unloading 1808 Unused Serialized files (Serialized files now loaded: 0)
System memory in use before: 84.9 MB.
System memory in use after: 84.9 MB.

Unloading 12 unused Assets to reduce memory usage. Loaded Objects now: 2258.
Total: 2.135400 ms (FindLiveObjects: 0.322900 ms CreateObjectMapping: 0.102500 ms MarkObjects: 1.601800 ms  DeleteObjects: 0.105700 ms)

========================================================================
Received Prepare
Registering precompiled user dll's ...
Registered in 0.001329 seconds.
Begin MonoManager ReloadAssembly
Native extension for WindowsStandalone target not found
Native extension for OSXStandalone target not found
Refreshing native plugins compatible for Editor in 0.42 ms, found 1 plugins.
Preloading 0 native plugins for Editor in 0.00 ms.
Invoked RoslynAnalysisRunner static constructor.
RoslynAnalysisRunner will not be running.
RoslynAnalysisRunner has terminated.
Mono: successfully reloaded assembly
- Completed reload, in  1.074 seconds
Platform modules already initialized, skipping
Refreshing native plugins compatible for Editor in 0.37 ms, found 1 plugins.
Preloading 0 native plugins for Editor in 0.00 ms.
Unloading 1808 Unused Serialized files (Serialized files now loaded: 0)
System memory in use before: 84.9 MB.
System memory in use after: 84.9 MB.

Unloading 12 unused Assets to reduce memory usage. Loaded Objects now: 2261.
Total: 2.231500 ms (FindLiveObjects: 0.313800 ms CreateObjectMapping: 0.102200 ms MarkObjects: 1.707500 ms  DeleteObjects: 0.106200 ms)

========================================================================
Received Prepare
Registering precompiled user dll's ...
Registered in 0.001483 seconds.
Begin MonoManager ReloadAssembly
Native extension for WindowsStandalone target not found
Native extension for OSXStandalone target not found
Refreshing native plugins compatible for Editor in 0.33 ms, found 1 plugins.
Preloading 0 native plugins for Editor in 0.00 ms.
Invoked RoslynAnalysisRunner static constructor.
RoslynAnalysisRunner will not be running.
RoslynAnalysisRunner has terminated.
Mono: successfully reloaded assembly
- Completed reload, in  1.103 seconds
Platform modules already initialized, skipping
Refreshing native plugins compatible for Editor in 0.67 ms, found 1 plugins.
Preloading 0 native plugins for Editor in 0.00 ms.
Unloading 1808 Unused Serialized files (Serialized files now loaded: 0)
System memory in use before: 84.9 MB.
System memory in use after: 84.9 MB.

Unloading 12 unused Assets to reduce memory usage. Loaded Objects now: 2264.
Total: 1.891500 ms (FindLiveObjects: 0.165300 ms CreateObjectMapping: 0.070900 ms MarkObjects: 1.560600 ms  DeleteObjects: 0.093500 ms)

========================================================================
Received Import Request.
  Time since last request: 1636.024644 seconds.
  path: Assets/Flock Agent Blue.prefab
  artifactKey: Guid(abe0f58e9d0ce3d49930e83382282784) Importer(815301076,1909f56bfc062723c751e8b465ee728b)
Start importing Assets/Flock Agent Blue.prefab using Guid(abe0f58e9d0ce3d49930e83382282784) Importer(815301076,1909f56bfc062723c751e8b465ee728b)  -> (artifact id: '32b8095936835d122fe0f3154025c49b') in 0.130115 seconds
  Import took 0.133751 seconds .

========================================================================
Received Prepare
Registering precompiled user dll's ...
Registered in 0.001473 seconds.
Begin MonoManager ReloadAssembly
Native extension for WindowsStandalone target not found
Native extension for OSXStandalone target not found
Refreshing native plugins compatible for Editor in 0.30 ms, found 1 plugins.
Preloading 0 native plugins for Editor in 0.00 ms.
Invoked RoslynAnalysisRunner static constructor.
RoslynAnalysisRunner will not be running.
RoslynAnalysisRunner has terminated.
Mono: successfully reloaded assembly
- Completed reload, in  0.937 seconds
Platform modules already initialized, skipping
Refreshing native plugins compatible for Editor in 1.20 ms, found 1 plugins.
Preloading 0 native plugins for Editor in 0.00 ms.
Unloading 1808 Unused Serialized files (Serialized files now loaded: 0)
System memory in use before: 88.1 MB.
System memory in use after: 88.1 MB.

Unloading 12 unused Assets to reduce memory usage. Loaded Objects now: 2274.
Total: 3.591900 ms (FindLiveObjects: 0.315600 ms CreateObjectMapping: 0.222600 ms MarkObjects: 2.905000 ms  DeleteObjects: 0.147300 ms)

========================================================================
Received Prepare
Registering precompiled user dll's ...
Registered in 0.001216 seconds.
Begin MonoManager ReloadAssembly
Native extension for WindowsStandalone target not found
Native extension for OSXStandalone target not found
Refreshing native plugins compatible for Editor in 0.32 ms, found 1 plugins.
Preloading 0 native plugins for Editor in 0.00 ms.
Invoked RoslynAnalysisRunner static constructor.
RoslynAnalysisRunner will not be running.
RoslynAnalysisRunner has terminated.
Mono: successfully reloaded assembly
- Completed reload, in  0.874 seconds
Platform modules already initialized, skipping
Refreshing native plugins compatible for Editor in 0.31 ms, found 1 plugins.
Preloading 0 native plugins for Editor in 0.00 ms.
Unloading 1808 Unused Serialized files (Serialized files now loaded: 0)
System memory in use before: 88.1 MB.
System memory in use after: 88.1 MB.

Unloading 12 unused Assets to reduce memory usage. Loaded Objects now: 2277.
Total: 2.264300 ms (FindLiveObjects: 0.388800 ms CreateObjectMapping: 0.095200 ms MarkObjects: 1.651800 ms  DeleteObjects: 0.127100 ms)

========================================================================
Received Prepare
Registering precompiled user dll's ...
Registered in 0.001502 seconds.
Begin MonoManager ReloadAssembly
Native extension for WindowsStandalone target not found
Native extension for OSXStandalone target not found
Refreshing native plugins compatible for Editor in 0.29 ms, found 1 plugins.
Preloading 0 native plugins for Editor in 0.00 ms.
Invoked RoslynAnalysisRunner static constructor.
RoslynAnalysisRunner will not be running.
RoslynAnalysisRunner has terminated.
Mono: successfully reloaded assembly
- Completed reload, in  0.867 seconds
Platform modules already initialized, skipping
Refreshing native plugins compatible for Editor in 0.35 ms, found 1 plugins.
Preloading 0 native plugins for Editor in 0.00 ms.
Unloading 1808 Unused Serialized files (Serialized files now loaded: 0)
System memory in use before: 88.1 MB.
System memory in use after: 88.1 MB.

Unloading 12 unused Assets to reduce memory usage. Loaded Objects now: 2280.
Total: 2.294000 ms (FindLiveObjects: 0.204300 ms CreateObjectMapping: 0.123100 ms MarkObjects: 1.837900 ms  DeleteObjects: 0.127500 ms)

========================================================================
Received Prepare
Registering precompiled user dll's ...
Registered in 0.001262 seconds.
Begin MonoManager ReloadAssembly
Native extension for WindowsStandalone target not found
Native extension for OSXStandalone target not found
Refreshing native plugins compatible for Editor in 0.37 ms, found 1 plugins.
Preloading 0 native plugins for Editor in 0.00 ms.
Invoked RoslynAnalysisRunner static constructor.
RoslynAnalysisRunner will not be running.
RoslynAnalysisRunner has terminated.
Mono: successfully reloaded assembly
- Completed reload, in  0.975 seconds
Platform modules already initialized, skipping
Refreshing native plugins compatible for Editor in 0.40 ms, found 1 plugins.
Preloading 0 native plugins for Editor in 0.00 ms.
Unloading 1808 Unused Serialized files (Serialized files now loaded: 0)
System memory in use before: 88.1 MB.
System memory in use after: 88.1 MB.

Unloading 12 unused Assets to reduce memory usage. Loaded Objects now: 2283.
Total: 2.268600 ms (FindLiveObjects: 0.304800 ms CreateObjectMapping: 0.106400 ms MarkObjects: 1.665000 ms  DeleteObjects: 0.190800 ms)

========================================================================
Received Import Request.
  Time since last request: 573.205635 seconds.
  path: Assets/Leader.cs
  artifactKey: Guid(8a95391f237320b41905edaddc010fb6) Importer(815301076,1909f56bfc062723c751e8b465ee728b)
Start importing Assets/Leader.cs using Guid(8a95391f237320b41905edaddc010fb6) Importer(815301076,1909f56bfc062723c751e8b465ee728b)  -> (artifact id: '5625ffa331c3f9ce7cad0c8bcc405116') in 0.014879 seconds
  Import took 0.017826 seconds .

========================================================================
Received Import Request.
  Time since last request: 0.342249 seconds.
  path: Assets/LeaderFollowBehaviour.cs
  artifactKey: Guid(6abaf02c62bc51545b7543cf990d751e) Importer(815301076,1909f56bfc062723c751e8b465ee728b)
Start importing Assets/LeaderFollowBehaviour.cs using Guid(6abaf02c62bc51545b7543cf990d751e) Importer(815301076,1909f56bfc062723c751e8b465ee728b)  -> (artifact id: '9d15464de7178b2ca6c227e48adbd124') in 0.009483 seconds
  Import took 0.012484 seconds .

========================================================================
Received Import Request.
  Time since last request: 1.246610 seconds.
  path: Assets/MoveCrossHair.cs
  artifactKey: Guid(4a257453d37054a4a9db9b08d26ade54) Importer(815301076,1909f56bfc062723c751e8b465ee728b)
Start importing Assets/MoveCrossHair.cs using Guid(4a257453d37054a4a9db9b08d26ade54) Importer(815301076,1909f56bfc062723c751e8b465ee728b)  -> (artifact id: '847e29de93deecba6ea1b40a3ad605f9') in 0.009873 seconds
  Import took 0.013201 seconds .

========================================================================
Received Import Request.
  Time since last request: 3.776460 seconds.
  path: Assets/FlockAgent.cs
  artifactKey: Guid(8f741dd4a04fce740959f49c17b17f3f) Importer(815301076,1909f56bfc062723c751e8b465ee728b)
Start importing Assets/FlockAgent.cs using Guid(8f741dd4a04fce740959f49c17b17f3f) Importer(815301076,1909f56bfc062723c751e8b465ee728b)  -> (artifact id: '98d4184ee1534862d1a7374e3ace1ad9') in 0.010776 seconds
  Import took 0.014234 seconds .

========================================================================
Received Prepare
Registering precompiled user dll's ...
Registered in 0.001512 seconds.
Begin MonoManager ReloadAssembly
Native extension for WindowsStandalone target not found
Native extension for OSXStandalone target not found
Refreshing native plugins compatible for Editor in 0.33 ms, found 1 plugins.
Preloading 0 native plugins for Editor in 0.00 ms.
Invoked RoslynAnalysisRunner static constructor.
RoslynAnalysisRunner will not be running.
RoslynAnalysisRunner has terminated.
Mono: successfully reloaded assembly
- Completed reload, in  0.980 seconds
Platform modules already initialized, skipping
Refreshing native plugins compatible for Editor in 0.34 ms, found 1 plugins.
Preloading 0 native plugins for Editor in 0.00 ms.
Unloading 1808 Unused Serialized files (Serialized files now loaded: 0)
System memory in use before: 88.1 MB.
System memory in use after: 88.1 MB.

Unloading 12 unused Assets to reduce memory usage. Loaded Objects now: 2286.
Total: 1.929600 ms (FindLiveObjects: 0.201500 ms CreateObjectMapping: 0.081600 ms MarkObjects: 1.554300 ms  DeleteObjects: 0.091300 ms)

========================================================================
Received Prepare
Registering precompiled user dll's ...
Registered in 0.000994 seconds.
Begin MonoManager ReloadAssembly
Native extension for WindowsStandalone target not found
Native extension for OSXStandalone target not found
Refreshing native plugins compatible for Editor in 0.41 ms, found 1 plugins.
Preloading 0 native plugins for Editor in 0.00 ms.
Invoked RoslynAnalysisRunner static constructor.
RoslynAnalysisRunner will not be running.
RoslynAnalysisRunner has terminated.
Mono: successfully reloaded assembly
- Completed reload, in  1.052 seconds
Platform modules already initialized, skipping
Refreshing native plugins compatible for Editor in 0.33 ms, found 1 plugins.
Preloading 0 native plugins for Editor in 0.00 ms.
Unloading 1808 Unused Serialized files (Serialized files now loaded: 0)
System memory in use before: 88.1 MB.
System memory in use after: 88.1 MB.

Unloading 12 unused Assets to reduce memory usage. Loaded Objects now: 2289.
Total: 4.109700 ms (FindLiveObjects: 0.315300 ms CreateObjectMapping: 0.130500 ms MarkObjects: 3.492800 ms  DeleteObjects: 0.169500 ms)

========================================================================
Received Import Request.
  Time since last request: 163.129387 seconds.
  path: Assets/Behaviour Objects/DefaultFlockBehaviour.asset
  artifactKey: Guid(84e126c72259b214183f6f74420b3169) Importer(815301076,1909f56bfc062723c751e8b465ee728b)
Start importing Assets/Behaviour Objects/DefaultFlockBehaviour.asset using Guid(84e126c72259b214183f6f74420b3169) Importer(815301076,1909f56bfc062723c751e8b465ee728b)  -> (artifact id: '738a4a664238634ba7f4987e4d86bcd8') in 0.021506 seconds
  Import took 0.024605 seconds .

========================================================================
Received Import Request.
  Time since last request: 0.002632 seconds.
  path: Assets/Behaviour Objects/DefaultFlockBehaviour.asset
  artifactKey: Guid(84e126c72259b214183f6f74420b3169) Importer(815301076,1909f56bfc062723c751e8b465ee728b)
Start importing Assets/Behaviour Objects/DefaultFlockBehaviour.asset using Guid(84e126c72259b214183f6f74420b3169) Importer(815301076,1909f56bfc062723c751e8b465ee728b)  -> (artifact id: '738a4a664238634ba7f4987e4d86bcd8') in 0.005812 seconds
  Import took 0.009788 seconds .

========================================================================
Received Prepare
Registering precompiled user dll's ...
Registered in 0.001411 seconds.
Begin MonoManager ReloadAssembly
Native extension for WindowsStandalone target not found
Native extension for OSXStandalone target not found
Refreshing native plugins compatible for Editor in 0.32 ms, found 1 plugins.
Preloading 0 native plugins for Editor in 0.00 ms.
Invoked RoslynAnalysisRunner static constructor.
RoslynAnalysisRunner will not be running.
RoslynAnalysisRunner has terminated.
Mono: successfully reloaded assembly
- Completed reload, in  1.268 seconds
Platform modules already initialized, skipping
Refreshing native plugins compatible for Editor in 0.50 ms, found 1 plugins.
Preloading 0 native plugins for Editor in 0.00 ms.
Unloading 1808 Unused Serialized files (Serialized files now loaded: 0)
System memory in use before: 88.1 MB.
System memory in use after: 88.1 MB.

Unloading 12 unused Assets to reduce memory usage. Loaded Objects now: 2292.
Total: 3.093200 ms (FindLiveObjects: 0.302200 ms CreateObjectMapping: 0.114200 ms MarkObjects: 2.537000 ms  DeleteObjects: 0.138300 ms)

========================================================================
Received Prepare
Registering precompiled user dll's ...
Registered in 0.001472 seconds.
Begin MonoManager ReloadAssembly
Native extension for WindowsStandalone target not found
Native extension for OSXStandalone target not found
Refreshing native plugins compatible for Editor in 0.43 ms, found 1 plugins.
Preloading 0 native plugins for Editor in 0.00 ms.
Invoked RoslynAnalysisRunner static constructor.
RoslynAnalysisRunner will not be running.
RoslynAnalysisRunner has terminated.
Mono: successfully reloaded assembly
- Completed reload, in  0.967 seconds
Platform modules already initialized, skipping
Refreshing native plugins compatible for Editor in 0.32 ms, found 1 plugins.
Preloading 0 native plugins for Editor in 0.00 ms.
Unloading 1808 Unused Serialized files (Serialized files now loaded: 0)
System memory in use before: 88.1 MB.
System memory in use after: 88.1 MB.

Unloading 12 unused Assets to reduce memory usage. Loaded Objects now: 2295.
Total: 2.143700 ms (FindLiveObjects: 0.365900 ms CreateObjectMapping: 0.113200 ms MarkObjects: 1.565900 ms  DeleteObjects: 0.097300 ms)

========================================================================
Received Prepare
Registering precompiled user dll's ...
Registered in 0.001673 seconds.
Begin MonoManager ReloadAssembly
Native extension for WindowsStandalone target not found
Native extension for OSXStandalone target not found
Refreshing native plugins compatible for Editor in 0.42 ms, found 1 plugins.
Preloading 0 native plugins for Editor in 0.00 ms.
Invoked RoslynAnalysisRunner static constructor.
RoslynAnalysisRunner will not be running.
RoslynAnalysisRunner has terminated.
Mono: successfully reloaded assembly
- Completed reload, in  0.962 seconds
Platform modules already initialized, skipping
Refreshing native plugins compatible for Editor in 0.41 ms, found 1 plugins.
Preloading 0 native plugins for Editor in 0.00 ms.
Unloading 1808 Unused Serialized files (Serialized files now loaded: 0)
System memory in use before: 88.1 MB.
System memory in use after: 88.1 MB.

Unloading 12 unused Assets to reduce memory usage. Loaded Objects now: 2298.
Total: 2.985900 ms (FindLiveObjects: 0.448200 ms CreateObjectMapping: 0.145100 ms MarkObjects: 2.278200 ms  DeleteObjects: 0.111700 ms)

========================================================================
Received Prepare
Registering precompiled user dll's ...
Registered in 0.001337 seconds.
Begin MonoManager ReloadAssembly
Native extension for WindowsStandalone target not found
Native extension for OSXStandalone target not found
Refreshing native plugins compatible for Editor in 0.38 ms, found 1 plugins.
Preloading 0 native plugins for Editor in 0.00 ms.
Invoked RoslynAnalysisRunner static constructor.
RoslynAnalysisRunner will not be running.
RoslynAnalysisRunner has terminated.
Mono: successfully reloaded assembly
- Completed reload, in  0.938 seconds
Platform modules already initialized, skipping
Refreshing native plugins compatible for Editor in 0.32 ms, found 1 plugins.
Preloading 0 native plugins for Editor in 0.00 ms.
Unloading 1808 Unused Serialized files (Serialized files now loaded: 0)
System memory in use before: 88.2 MB.
System memory in use after: 88.1 MB.

Unloading 12 unused Assets to reduce memory usage. Loaded Objects now: 2301.
Total: 2.044200 ms (FindLiveObjects: 0.285000 ms CreateObjectMapping: 0.117400 ms MarkObjects: 1.509600 ms  DeleteObjects: 0.130800 ms)

========================================================================
Received Prepare
Registering precompiled user dll's ...
Registered in 0.001540 seconds.
Begin MonoManager ReloadAssembly
Native extension for WindowsStandalone target not found
Native extension for OSXStandalone target not found
Refreshing native plugins compatible for Editor in 0.31 ms, found 1 plugins.
Preloading 0 native plugins for Editor in 0.00 ms.
Invoked RoslynAnalysisRunner static constructor.
RoslynAnalysisRunner will not be running.
RoslynAnalysisRunner has terminated.
Mono: successfully reloaded assembly
- Completed reload, in  0.873 seconds
Platform modules already initialized, skipping
Refreshing native plugins compatible for Editor in 0.33 ms, found 1 plugins.
Preloading 0 native plugins for Editor in 0.00 ms.
Unloading 1808 Unused Serialized files (Serialized files now loaded: 0)
System memory in use before: 88.2 MB.
System memory in use after: 88.2 MB.

Unloading 12 unused Assets to reduce memory usage. Loaded Objects now: 2304.
Total: 2.122600 ms (FindLiveObjects: 0.237500 ms CreateObjectMapping: 0.062800 ms MarkObjects: 1.693000 ms  DeleteObjects: 0.128200 ms)

========================================================================
Received Prepare
Registering precompiled user dll's ...
Registered in 0.001173 seconds.
Begin MonoManager ReloadAssembly
Native extension for WindowsStandalone target not found
Native extension for OSXStandalone target not found
Refreshing native plugins compatible for Editor in 0.41 ms, found 1 plugins.
Preloading 0 native plugins for Editor in 0.00 ms.
Invoked RoslynAnalysisRunner static constructor.
RoslynAnalysisRunner will not be running.
RoslynAnalysisRunner has terminated.
Mono: successfully reloaded assembly
- Completed reload, in  0.985 seconds
Platform modules already initialized, skipping
Refreshing native plugins compatible for Editor in 0.35 ms, found 1 plugins.
Preloading 0 native plugins for Editor in 0.00 ms.
Unloading 1808 Unused Serialized files (Serialized files now loaded: 0)
System memory in use before: 88.2 MB.
System memory in use after: 88.2 MB.

Unloading 12 unused Assets to reduce memory usage. Loaded Objects now: 2307.
Total: 1.992600 ms (FindLiveObjects: 0.193800 ms CreateObjectMapping: 0.087900 ms MarkObjects: 1.592800 ms  DeleteObjects: 0.116900 ms)

========================================================================
Received Prepare
Registering precompiled user dll's ...
Registered in 0.001094 seconds.
Begin MonoManager ReloadAssembly
Native extension for WindowsStandalone target not found
Native extension for OSXStandalone target not found
Refreshing native plugins compatible for Editor in 0.53 ms, found 1 plugins.
Preloading 0 native plugins for Editor in 0.00 ms.
Invoked RoslynAnalysisRunner static constructor.
RoslynAnalysisRunner will not be running.
RoslynAnalysisRunner has terminated.
Mono: successfully reloaded assembly
- Completed reload, in  0.962 seconds
Platform modules already initialized, skipping
Refreshing native plugins compatible for Editor in 0.38 ms, found 1 plugins.
Preloading 0 native plugins for Editor in 0.00 ms.
Unloading 1808 Unused Serialized files (Serialized files now loaded: 0)
System memory in use before: 88.2 MB.
System memory in use after: 88.2 MB.

Unloading 12 unused Assets to reduce memory usage. Loaded Objects now: 2310.
Total: 1.882300 ms (FindLiveObjects: 0.188500 ms CreateObjectMapping: 0.082100 ms MarkObjects: 1.502800 ms  DeleteObjects: 0.107900 ms)

========================================================================
Received Prepare
Registering precompiled user dll's ...
Registered in 0.001556 seconds.
Begin MonoManager ReloadAssembly
Native extension for WindowsStandalone target not found
Native extension for OSXStandalone target not found
Refreshing native plugins compatible for Editor in 0.55 ms, found 1 plugins.
Preloading 0 native plugins for Editor in 0.00 ms.
Invoked RoslynAnalysisRunner static constructor.
RoslynAnalysisRunner will not be running.
RoslynAnalysisRunner has terminated.
Mono: successfully reloaded assembly
- Completed reload, in  1.018 seconds
Platform modules already initialized, skipping
Refreshing native plugins compatible for Editor in 0.31 ms, found 1 plugins.
Preloading 0 native plugins for Editor in 0.00 ms.
Unloading 1808 Unused Serialized files (Serialized files now loaded: 0)
System memory in use before: 88.2 MB.
System memory in use after: 88.2 MB.

Unloading 12 unused Assets to reduce memory usage. Loaded Objects now: 2313.
Total: 2.010600 ms (FindLiveObjects: 0.218700 ms CreateObjectMapping: 0.087200 ms MarkObjects: 1.581400 ms  DeleteObjects: 0.122400 ms)

========================================================================
Received Prepare
Registering precompiled user dll's ...
Registered in 0.001074 seconds.
Begin MonoManager ReloadAssembly
Native extension for WindowsStandalone target not found
Native extension for OSXStandalone target not found
Refreshing native plugins compatible for Editor in 0.49 ms, found 1 plugins.
Preloading 0 native plugins for Editor in 0.00 ms.
Invoked RoslynAnalysisRunner static constructor.
RoslynAnalysisRunner will not be running.
RoslynAnalysisRunner has terminated.
Mono: successfully reloaded assembly
- Completed reload, in  0.991 seconds
Platform modules already initialized, skipping
Refreshing native plugins compatible for Editor in 0.30 ms, found 1 plugins.
Preloading 0 native plugins for Editor in 0.00 ms.
Unloading 1808 Unused Serialized files (Serialized files now loaded: 0)
System memory in use before: 88.2 MB.
System memory in use after: 88.2 MB.

Unloading 12 unused Assets to reduce memory usage. Loaded Objects now: 2316.
Total: 1.949500 ms (FindLiveObjects: 0.178600 ms CreateObjectMapping: 0.059000 ms MarkObjects: 1.592500 ms  DeleteObjects: 0.118000 ms)

========================================================================
Received Prepare
Registering precompiled user dll's ...
Registered in 0.000976 seconds.
Begin MonoManager ReloadAssembly
Native extension for WindowsStandalone target not found
Native extension for OSXStandalone target not found
Refreshing native plugins compatible for Editor in 0.35 ms, found 1 plugins.
Preloading 0 native plugins for Editor in 0.00 ms.
Invoked RoslynAnalysisRunner static constructor.
RoslynAnalysisRunner will not be running.
RoslynAnalysisRunner has terminated.
Mono: successfully reloaded assembly
- Completed reload, in  0.947 seconds
Platform modules already initialized, skipping
Refreshing native plugins compatible for Editor in 0.30 ms, found 1 plugins.
Preloading 0 native plugins for Editor in 0.00 ms.
Unloading 1808 Unused Serialized files (Serialized files now loaded: 0)
System memory in use before: 88.2 MB.
System memory in use after: 88.2 MB.

Unloading 12 unused Assets to reduce memory usage. Loaded Objects now: 2319.
Total: 1.921000 ms (FindLiveObjects: 0.211300 ms CreateObjectMapping: 0.082700 ms MarkObjects: 1.487700 ms  DeleteObjects: 0.138300 ms)

========================================================================
Received Prepare
Registering precompiled user dll's ...
Registered in 0.001019 seconds.
Begin MonoManager ReloadAssembly
Native extension for WindowsStandalone target not found
Native extension for OSXStandalone target not found
Refreshing native plugins compatible for Editor in 0.40 ms, found 1 plugins.
Preloading 0 native plugins for Editor in 0.00 ms.
Invoked RoslynAnalysisRunner static constructor.
RoslynAnalysisRunner will not be running.
RoslynAnalysisRunner has terminated.
Mono: successfully reloaded assembly
- Completed reload, in  1.065 seconds
Platform modules already initialized, skipping
Refreshing native plugins compatible for Editor in 0.30 ms, found 1 plugins.
Preloading 0 native plugins for Editor in 0.00 ms.
Unloading 1808 Unused Serialized files (Serialized files now loaded: 0)
System memory in use before: 88.2 MB.
System memory in use after: 88.2 MB.

Unloading 12 unused Assets to reduce memory usage. Loaded Objects now: 2322.
Total: 2.195600 ms (FindLiveObjects: 0.366300 ms CreateObjectMapping: 0.145800 ms MarkObjects: 1.562000 ms  DeleteObjects: 0.120000 ms)

========================================================================
Received Prepare
Registering precompiled user dll's ...
Registered in 0.001125 seconds.
Begin MonoManager ReloadAssembly
Native extension for WindowsStandalone target not found
Native extension for OSXStandalone target not found
Refreshing native plugins compatible for Editor in 0.31 ms, found 1 plugins.
Preloading 0 native plugins for Editor in 0.00 ms.
Invoked RoslynAnalysisRunner static constructor.
RoslynAnalysisRunner will not be running.
RoslynAnalysisRunner has terminated.
Mono: successfully reloaded assembly
- Completed reload, in  1.162 seconds
Platform modules already initialized, skipping
Refreshing native plugins compatible for Editor in 0.30 ms, found 1 plugins.
Preloading 0 native plugins for Editor in 0.00 ms.
Unloading 1808 Unused Serialized files (Serialized files now loaded: 0)
System memory in use before: 88.2 MB.
System memory in use after: 88.2 MB.

Unloading 12 unused Assets to reduce memory usage. Loaded Objects now: 2325.
Total: 3.328000 ms (FindLiveObjects: 0.285800 ms CreateObjectMapping: 0.103100 ms MarkObjects: 2.711300 ms  DeleteObjects: 0.226300 ms)

========================================================================
Received Prepare
Registering precompiled user dll's ...
Registered in 0.001198 seconds.
Begin MonoManager ReloadAssembly
Native extension for WindowsStandalone target not found
Native extension for OSXStandalone target not found
Refreshing native plugins compatible for Editor in 0.33 ms, found 1 plugins.
Preloading 0 native plugins for Editor in 0.00 ms.
Invoked RoslynAnalysisRunner static constructor.
RoslynAnalysisRunner will not be running.
RoslynAnalysisRunner has terminated.
Mono: successfully reloaded assembly
- Completed reload, in  0.985 seconds
Platform modules already initialized, skipping
Refreshing native plugins compatible for Editor in 0.34 ms, found 1 plugins.
Preloading 0 native plugins for Editor in 0.00 ms.
Unloading 1808 Unused Serialized files (Serialized files now loaded: 0)
System memory in use before: 88.2 MB.
System memory in use after: 88.2 MB.

Unloading 12 unused Assets to reduce memory usage. Loaded Objects now: 2328.
Total: 2.066500 ms (FindLiveObjects: 0.216400 ms CreateObjectMapping: 0.095200 ms MarkObjects: 1.637300 ms  DeleteObjects: 0.116400 ms)

========================================================================
Received Import Request.
  Time since last request: 5199.175978 seconds.
  path: Assets/Behaviour Objects/DefaultFlockBehaviour.asset
  artifactKey: Guid(84e126c72259b214183f6f74420b3169) Importer(815301076,1909f56bfc062723c751e8b465ee728b)
Start importing Assets/Behaviour Objects/DefaultFlockBehaviour.asset using Guid(84e126c72259b214183f6f74420b3169) Importer(815301076,1909f56bfc062723c751e8b465ee728b)  -> (artifact id: '98bf7e124fc322efa49dc2f33c992251') in 0.033028 seconds
  Import took 0.039721 seconds .

========================================================================
Received Prepare
Registering precompiled user dll's ...
Registered in 0.001646 seconds.
Begin MonoManager ReloadAssembly
Native extension for WindowsStandalone target not found
Native extension for OSXStandalone target not found
Refreshing native plugins compatible for Editor in 0.67 ms, found 1 plugins.
Preloading 0 native plugins for Editor in 0.00 ms.
Invoked RoslynAnalysisRunner static constructor.
RoslynAnalysisRunner will not be running.
RoslynAnalysisRunner has terminated.
Mono: successfully reloaded assembly
- Completed reload, in  1.314 seconds
Platform modules already initialized, skipping
Refreshing native plugins compatible for Editor in 0.37 ms, found 1 plugins.
Preloading 0 native plugins for Editor in 0.00 ms.
Unloading 1808 Unused Serialized files (Serialized files now loaded: 0)
System memory in use before: 88.2 MB.
System memory in use after: 88.2 MB.

Unloading 12 unused Assets to reduce memory usage. Loaded Objects now: 2331.
Total: 2.290300 ms (FindLiveObjects: 0.199000 ms CreateObjectMapping: 0.121100 ms MarkObjects: 1.822400 ms  DeleteObjects: 0.147000 ms)

========================================================================
Received Prepare
Registering precompiled user dll's ...
Registered in 0.001111 seconds.
Begin MonoManager ReloadAssembly
Native extension for WindowsStandalone target not found
Native extension for OSXStandalone target not found
Refreshing native plugins compatible for Editor in 0.57 ms, found 1 plugins.
Preloading 0 native plugins for Editor in 0.00 ms.
Invoked RoslynAnalysisRunner static constructor.
RoslynAnalysisRunner will not be running.
RoslynAnalysisRunner has terminated.
Mono: successfully reloaded assembly
- Completed reload, in  1.027 seconds
Platform modules already initialized, skipping
Refreshing native plugins compatible for Editor in 0.33 ms, found 1 plugins.
Preloading 0 native plugins for Editor in 0.00 ms.
Unloading 1808 Unused Serialized files (Serialized files now loaded: 0)
System memory in use before: 88.2 MB.
System memory in use after: 88.2 MB.

Unloading 12 unused Assets to reduce memory usage. Loaded Objects now: 2334.
Total: 2.045400 ms (FindLiveObjects: 0.202600 ms CreateObjectMapping: 0.108300 ms MarkObjects: 1.601000 ms  DeleteObjects: 0.132300 ms)

========================================================================
Received Prepare
Registering precompiled user dll's ...
Registered in 0.001329 seconds.
Begin MonoManager ReloadAssembly
Native extension for WindowsStandalone target not found
Native extension for OSXStandalone target not found
Refreshing native plugins compatible for Editor in 0.46 ms, found 1 plugins.
Preloading 0 native plugins for Editor in 0.00 ms.
Invoked RoslynAnalysisRunner static constructor.
RoslynAnalysisRunner will not be running.
RoslynAnalysisRunner has terminated.
Mono: successfully reloaded assembly
- Completed reload, in  0.996 seconds
Platform modules already initialized, skipping
Refreshing native plugins compatible for Editor in 0.33 ms, found 1 plugins.
Preloading 0 native plugins for Editor in 0.00 ms.
Unloading 1808 Unused Serialized files (Serialized files now loaded: 0)
System memory in use before: 88.3 MB.
System memory in use after: 88.2 MB.

Unloading 12 unused Assets to reduce memory usage. Loaded Objects now: 2337.
Total: 2.098200 ms (FindLiveObjects: 0.208800 ms CreateObjectMapping: 0.087300 ms MarkObjects: 1.691700 ms  DeleteObjects: 0.109400 ms)

========================================================================
Received Import Request.
  Time since last request: 2278.875977 seconds.
  path: Assets/Behaviour Objects/DefaultFlockBehaviour.asset
  artifactKey: Guid(84e126c72259b214183f6f74420b3169) Importer(815301076,1909f56bfc062723c751e8b465ee728b)
Start importing Assets/Behaviour Objects/DefaultFlockBehaviour.asset using Guid(84e126c72259b214183f6f74420b3169) Importer(815301076,1909f56bfc062723c751e8b465ee728b)  -> (artifact id: '6066fcd478f1168c600e95a74a158132') in 0.025444 seconds
  Import took 0.029989 seconds .

========================================================================
Received Import Request.
  Time since last request: 0.017651 seconds.
  path: Assets/Behaviour Objects/DefaultFlockBehaviour.asset
  artifactKey: Guid(84e126c72259b214183f6f74420b3169) Importer(815301076,1909f56bfc062723c751e8b465ee728b)
Start importing Assets/Behaviour Objects/DefaultFlockBehaviour.asset using Guid(84e126c72259b214183f6f74420b3169) Importer(815301076,1909f56bfc062723c751e8b465ee728b)  -> (artifact id: '6066fcd478f1168c600e95a74a158132') in 0.008084 seconds
  Import took 0.011637 seconds .

========================================================================
Received Prepare
Registering precompiled user dll's ...
Registered in 0.001162 seconds.
Begin MonoManager ReloadAssembly
Native extension for WindowsStandalone target not found
Native extension for OSXStandalone target not found
Refreshing native plugins compatible for Editor in 0.53 ms, found 1 plugins.
Preloading 0 native plugins for Editor in 0.00 ms.
Invoked RoslynAnalysisRunner static constructor.
RoslynAnalysisRunner will not be running.
RoslynAnalysisRunner has terminated.
Mono: successfully reloaded assembly
- Completed reload, in  1.010 seconds
Platform modules already initialized, skipping
Refreshing native plugins compatible for Editor in 0.31 ms, found 1 plugins.
Preloading 0 native plugins for Editor in 0.00 ms.
Unloading 1808 Unused Serialized files (Serialized files now loaded: 0)
System memory in use before: 88.3 MB.
System memory in use after: 88.2 MB.

Unloading 12 unused Assets to reduce memory usage. Loaded Objects now: 2340.
Total: 2.150000 ms (FindLiveObjects: 0.323500 ms CreateObjectMapping: 0.144600 ms MarkObjects: 1.571600 ms  DeleteObjects: 0.107100 ms)

========================================================================
Received Import Request.
  Time since last request: 2285.503034 seconds.
  path: Assets/BehaviourScript/CohesionBehaviour1.cs
  artifactKey: Guid(fa63434daa9ac8e41aba4c6ee248256b) Importer(815301076,1909f56bfc062723c751e8b465ee728b)
Start importing Assets/BehaviourScript/CohesionBehaviour1.cs using Guid(fa63434daa9ac8e41aba4c6ee248256b) Importer(815301076,1909f56bfc062723c751e8b465ee728b)  -> (artifact id: 'ecb8e89fb91842dba9add26ecd1fdb86') in 0.061716 seconds
  Import took 0.096456 seconds .

========================================================================
Received Prepare
Registering precompiled user dll's ...
Registered in 0.001138 seconds.
Begin MonoManager ReloadAssembly
Native extension for WindowsStandalone target not found
Native extension for OSXStandalone target not found
Refreshing native plugins compatible for Editor in 0.31 ms, found 1 plugins.
Preloading 0 native plugins for Editor in 0.00 ms.
Invoked RoslynAnalysisRunner static constructor.
RoslynAnalysisRunner will not be running.
RoslynAnalysisRunner has terminated.
Mono: successfully reloaded assembly
- Completed reload, in  1.039 seconds
Platform modules already initialized, skipping
Refreshing native plugins compatible for Editor in 0.30 ms, found 1 plugins.
Preloading 0 native plugins for Editor in 0.00 ms.
Unloading 1808 Unused Serialized files (Serialized files now loaded: 0)
System memory in use before: 88.3 MB.
System memory in use after: 88.3 MB.

Unloading 12 unused Assets to reduce memory usage. Loaded Objects now: 2343.
Total: 2.025200 ms (FindLiveObjects: 0.177900 ms CreateObjectMapping: 0.089900 ms MarkObjects: 1.635200 ms  DeleteObjects: 0.121700 ms)

========================================================================
Received Import Request.
  Time since last request: 38.059010 seconds.
  path: Assets/BehaviourScript/AvoidanceBehaviour1.cs
  artifactKey: Guid(f91e34b06b220b544b1ce958a462e257) Importer(815301076,1909f56bfc062723c751e8b465ee728b)
Start importing Assets/BehaviourScript/AvoidanceBehaviour1.cs using Guid(f91e34b06b220b544b1ce958a462e257) Importer(815301076,1909f56bfc062723c751e8b465ee728b)  -> (artifact id: 'acb4fb8201c8ae432924b534f62207e6') in 0.022670 seconds
  Import took 0.028413 seconds .

========================================================================
Received Prepare
Registering precompiled user dll's ...
Registered in 0.001277 seconds.
Begin MonoManager ReloadAssembly
Native extension for WindowsStandalone target not found
Native extension for OSXStandalone target not found
Refreshing native plugins compatible for Editor in 0.34 ms, found 1 plugins.
Preloading 0 native plugins for Editor in 0.00 ms.
Invoked RoslynAnalysisRunner static constructor.
RoslynAnalysisRunner will not be running.
RoslynAnalysisRunner has terminated.
Mono: successfully reloaded assembly
- Completed reload, in  0.944 seconds
Platform modules already initialized, skipping
Refreshing native plugins compatible for Editor in 0.55 ms, found 1 plugins.
Preloading 0 native plugins for Editor in 0.00 ms.
Unloading 1808 Unused Serialized files (Serialized files now loaded: 0)
System memory in use before: 88.3 MB.
System memory in use after: 88.3 MB.

Unloading 12 unused Assets to reduce memory usage. Loaded Objects now: 2346.
Total: 2.259500 ms (FindLiveObjects: 0.326000 ms CreateObjectMapping: 0.089500 ms MarkObjects: 1.714800 ms  DeleteObjects: 0.126800 ms)

========================================================================
Received Import Request.
  Time since last request: 976.326190 seconds.
  path: Assets/FlockBehaviour.cs
  artifactKey: Guid(b09f2bf94d4292d4d936065213223728) Importer(815301076,1909f56bfc062723c751e8b465ee728b)
Start importing Assets/FlockBehaviour.cs using Guid(b09f2bf94d4292d4d936065213223728) Importer(815301076,1909f56bfc062723c751e8b465ee728b)  -> (artifact id: 'd7bca7521aed50a4631a81a930d574b5') in 0.012026 seconds
  Import took 0.016350 seconds .

========================================================================
Received Import Request.
  Time since last request: 128.232901 seconds.
  path: Assets/Leader.cs
  artifactKey: Guid(8a95391f237320b41905edaddc010fb6) Importer(815301076,1909f56bfc062723c751e8b465ee728b)
Start importing Assets/Leader.cs using Guid(8a95391f237320b41905edaddc010fb6) Importer(815301076,1909f56bfc062723c751e8b465ee728b)  -> (artifact id: '77e124da5ebded30b3f899ba300033ff') in 0.011254 seconds
  Import took 0.015659 seconds .

========================================================================
Received Import Request.
  Time since last request: 5.109313 seconds.
  path: Assets/Flock.cs
  artifactKey: Guid(a1685586f3a426c4281370fbceee49a6) Importer(815301076,1909f56bfc062723c751e8b465ee728b)
Start importing Assets/Flock.cs using Guid(a1685586f3a426c4281370fbceee49a6) Importer(815301076,1909f56bfc062723c751e8b465ee728b)  -> (artifact id: 'b83323c2b6f5de1ce6caeb7fa8d58c09') in 0.013512 seconds
  Import took 0.017216 seconds .

========================================================================
Received Import Request.
  Time since last request: 1340.813629 seconds.
  path: Packages/com.unity.2d.spriteshape/Editor/ObjectMenuCreation/DefaultAssets/Sprite Shapes/Closed Sprite Shape.prefab
  artifactKey: Guid(c0583b4e855c74b8c82e7b9b5efb5ce9) Importer(815301076,1909f56bfc062723c751e8b465ee728b)
Start importing Packages/com.unity.2d.spriteshape/Editor/ObjectMenuCreation/DefaultAssets/Sprite Shapes/Closed Sprite Shape.prefab using Guid(c0583b4e855c74b8c82e7b9b5efb5ce9) Importer(815301076,1909f56bfc062723c751e8b465ee728b)  -> (artifact id: '294ac17621aeb60536a2710d93de284f') in 0.186515 seconds
  Import took 0.190634 seconds .

========================================================================
Received Import Request.
  Time since last request: 0.000228 seconds.
  path: Packages/com.unity.2d.spriteshape/Editor/ObjectMenuCreation/DefaultAssets/Sprite Shapes/Open Sprite Shape.prefab
  artifactKey: Guid(86ae7de409eb54f619fb1328e4d42480) Importer(815301076,1909f56bfc062723c751e8b465ee728b)
Start importing Packages/com.unity.2d.spriteshape/Editor/ObjectMenuCreation/DefaultAssets/Sprite Shapes/Open Sprite Shape.prefab using Guid(86ae7de409eb54f619fb1328e4d42480) Importer(815301076,1909f56bfc062723c751e8b465ee728b)  -> (artifact id: '82a37f3c6666aac0746e967bd9c3758c') in 0.015147 seconds
  Import took 0.019124 seconds .

========================================================================
Received Import Request.
  Time since last request: 0.000249 seconds.
  path: Assets/Flock Agent Blue.prefab
  artifactKey: Guid(abe0f58e9d0ce3d49930e83382282784) Importer(815301076,1909f56bfc062723c751e8b465ee728b)
Start importing Assets/Flock Agent Blue.prefab using Guid(abe0f58e9d0ce3d49930e83382282784) Importer(815301076,1909f56bfc062723c751e8b465ee728b)  -> (artifact id: '66abb42e71fc1db47bc25ceb58018e99') in 0.060149 seconds
  Import took 0.064586 seconds .

========================================================================
Received Import Request.
  Time since last request: 0.000297 seconds.
  path: Assets/Leader.prefab
  artifactKey: Guid(a55263c66c3e41c458133637e8258bfe) Importer(815301076,1909f56bfc062723c751e8b465ee728b)
Start importing Assets/Leader.prefab using Guid(a55263c66c3e41c458133637e8258bfe) Importer(815301076,1909f56bfc062723c751e8b465ee728b)  -> (artifact id: '913e1cac7913848735683eab1edf6bb7') in 0.021922 seconds
  Import took 0.024980 seconds .

AssetImportWorkerClient::OnTransportError - code=2 error=End of file
